<?xml version="1.0" encoding="utf-8"?><testsuites name="pytest tests"><testsuite name="pytest" errors="0" failures="0" skipped="0" tests="17" time="1.390" timestamp="2026-06-07T15:59:49.011233+00:00" hostname="agent-env-644064b0-700e-4531-acb4-7f282bc911e6"><testcase classname="backend.tests.test_estimates" name="test_root_health" time="0.241" /><testcase classname="backend.tests.test_estimates" name="test_create_estimate_valid" time="0.055" /><testcase classname="backend.tests.test_estimates" name="test_create_estimate_invalid_email" time="0.045" /><testcase classname="backend.tests.test_estimates" name="test_create_estimate_missing_required" time="0.042" /><testcase classname="backend.tests.test_estimates" name="test_list_estimates_sorted_desc" time="0.089" /><testcase classname="backend.tests.test_estimates" name="test_get_estimate_by_id" time="0.045" /><testcase classname="backend.tests.test_estimates" name="test_get_estimate_unknown_404" time="0.049" /><testcase classname="backend.tests.test_estimates" name="test_patch_estimate_valid_status[new]" time="0.125" /><testcase classname="backend.tests.test_estimates" name="test_patch_estimate_valid_status[reviewed]" time="0.086" /><testcase classname="backend.tests.test_estimates" name="test_patch_estimate_valid_status[contacted]" time="0.084" /><testcase classname="backend.tests.test_estimates" name="test_patch_estimate_valid_status[closed]" time="0.087" /><testcase classname="backend.tests.test_estimates" name="test_patch_estimate_invalid_status" time="0.041" /><testcase classname="backend.tests.test_estimates" name="test_patch_estimate_unknown_404" time="0.042" /><testcase classname="backend.tests.test_estimates" name="test_estimates_summary" time="0.045" /><testcase classname="backend.tests.test_estimates" name="test_delete_estimate" time="0.087" /><testcase classname="backend.tests.test_estimates" name="test_delete_unknown_404" time="0.047" /><testcase classname="backend.tests.test_estimates" name="test_zz_cleanup" time="0.042" /></testsuite></testsuites>